[debug] [2024-08-25T16:09:16.795Z] ----------------------------------------------------------------------
[debug] [2024-08-25T16:09:16.798Z] Command:       C:\Program Files\nodejs\node.exe C:\Users\HP\AppData\Roaming\npm\node_modules\firebase-tools\lib\bin\firebase.js init
[debug] [2024-08-25T16:09:16.799Z] CLI Version:   13.15.4
[debug] [2024-08-25T16:09:16.799Z] Platform:      win32
[debug] [2024-08-25T16:09:16.799Z] Node Version:  v18.20.4
[debug] [2024-08-25T16:09:16.801Z] Time:          Sun Aug 25 2024 19:09:16 GMT+0300 (East Africa Time)
[debug] [2024-08-25T16:09:16.802Z] ----------------------------------------------------------------------
[debug] 
[debug] [2024-08-25T16:09:16.814Z] > command requires scopes: ["email","openid","https://www.googleapis.com/auth/cloudplatformprojects.readonly","https://www.googleapis.com/auth/firebase","https://www.googleapis.com/auth/cloud-platform"]
[debug] [2024-08-25T16:09:16.815Z] > authorizing via signed-in user (sebastienrandriamanana3@gmail.com)
[info] 
     ######## #### ########  ######## ########     ###     ######  ########
     ##        ##  ##     ## ##       ##     ##  ##   ##  ##       ##
     ######    ##  ########  ######   ########  #########  ######  ######
     ##        ##  ##    ##  ##       ##     ## ##     ##       ## ##
     ##       #### ##     ## ######## ########  ##     ##  ######  ########

You're about to initialize a Firebase project in this directory:

  C:\Users\HP\Desktop\weater-app

[info] 
=== Project Setup
[info] 
[info] First, let's associate this project directory with a Firebase project.
[info] You can create multiple project aliases by running firebase use --add, 
[info] but for now we'll just set up a default project.
[info] 
[info] i  If you want to create a project in a Google Cloud organization or folder, please use "firebase projects:create" instead, and return to this command when you've created the project. 
[debug] [2024-08-25T16:13:27.365Z] >>> [apiv2][query] POST https://cloudresourcemanager.googleapis.com/v1/projects [none]
[debug] [2024-08-25T16:13:27.366Z] >>> [apiv2][body] POST https://cloudresourcemanager.googleapis.com/v1/projects {"projectId":"firebase projects:create weather-app","name":"weather"}
[debug] [2024-08-25T16:13:29.971Z] <<< [apiv2][status] POST https://cloudresourcemanager.googleapis.com/v1/projects 400
[debug] [2024-08-25T16:13:29.971Z] <<< [apiv2][body] POST https://cloudresourcemanager.googleapis.com/v1/projects {"error":{"code":400,"message":"Request contains an invalid argument.","status":"INVALID_ARGUMENT","details":[{"@type":"type.googleapis.com/google.rpc.BadRequest","fieldViolations":[{"field":"project_id","description":"Cannot create domain prefixed projects"},{"field":"project_id","description":"project_id contains invalid characters"}]},{"@type":"type.googleapis.com/google.rpc.Help","links":[{"url":"https://cloud.google.com/resource-manager/reference/rest/v1/projects"}]}]}}
[debug] [2024-08-25T16:13:31.349Z] FirebaseError: HTTP Error: 400, Request contains an invalid argument.
    at responseToError (C:\Users\HP\AppData\Roaming\npm\node_modules\firebase-tools\lib\responseToError.js:49:12)
    at RetryOperation._fn (C:\Users\HP\AppData\Roaming\npm\node_modules\firebase-tools\lib\apiv2.js:305:77)
    at process.processTicksAndRejections (node:internal/process/task_queues:95:5)
[error] 
[error] Error: Failed to create project. See firebase-debug.log for more info.
